<?xml version="1.0" encoding="UTF-8"?>
<testsuite name="com.addressbook.AddressBookTest" tests="1" skipped="0" failures="0" errors="0" timestamp="2019-12-07T13:55:56" hostname="admin1-desktop" time="0.117">
  <properties/>
  <testcase name="givenAddressBook_OptionGivenExit_shouldReturnTrue" classname="com.addressbook.AddressBookTest" time="0.117"/>
  <system-out><![CDATA[]]></system-out>
  <system-err><![CDATA[]]></system-err>
</testsuite>
