<?xml version="1.0" encoding="UTF-8"?>
<testsuite name="com.addressbook.AddressBookTest" tests="1" skipped="0" failures="0" errors="0" timestamp="2019-12-06T08:43:24" hostname="admin1-desktop" time="0.178">
  <properties/>
  <testcase name="givenAddressBook_OptionSaveAs_shouldGetChangedFileType" classname="com.addressbook.AddressBookTest" time="0.178"/>
  <system-out><![CDATA[File has been created successfully...
]]></system-out>
  <system-err><![CDATA[]]></system-err>
</testsuite>
