<?xml version="1.0" encoding="UTF-8"?>
<testsuite name="com.addressbook.AddressBookTest" tests="1" skipped="0" failures="0" errors="0" timestamp="2019-12-05T10:17:01" hostname="admin1-desktop" time="0.162">
  <properties/>
  <testcase name="givenAddressBook_wantToSearchNotExistPerson_shouldReturnFalse" classname="com.addressbook.AddressBookTest" time="0.162"/>
  <system-out><![CDATA[Person Not Exist]]></system-out>
  <system-err><![CDATA[]]></system-err>
</testsuite>
